/opt/eda/synopsys/syn/current/auxx/gui/dv/dv_setup.tcl
/opt/eda/synopsys/syn/current/auxx/gui/syn/snpsSynProcs.tcl
/opt/eda/synopsys/syn/current/auxx/gui/syn/layout/pkgIndex.tcl
/opt/eda/synopsys/syn/current/auxx/gui/common/opdlg/pkgIndex.tcl
/opt/eda/synopsys/syn/current/auxx/gui/common/view/pkgIndex.tcl
/opt/eda/synopsys/syn/current/auxx/gui/common/palettegroup/pkgIndex.tcl
/opt/eda/synopsys/syn/current/auxx/gui/common/fanoutviewer/pkgIndex.tcl
/opt/eda/synopsys/syn/current/auxx/gui/common/tcl-dp/pkgIndex.tcl
/opt/eda/synopsys/syn/current/auxx/gui/common/table/pkgIndex.tcl
/opt/eda/synopsys/syn/current/auxx/gui/common/hierarchy/pkgIndex.tcl
/opt/eda/synopsys/syn/current/auxx/gui/common/strokes/pkgIndex.tcl
/opt/eda/synopsys/syn/current/auxx/gui/common/histogram/pkgIndex.tcl
/opt/eda/synopsys/syn/current/auxx/gui/common/tiledview/pkgIndex.tcl
/opt/eda/synopsys/syn/current/auxx/gui/common/profiler/pkgIndex.tcl
/opt/eda/synopsys/syn/current/auxx/gui/common/highlight/pkgIndex.tcl
/opt/eda/synopsys/syn/current/auxx/gui/common/pathinspector/pkgIndex.tcl
/opt/eda/synopsys/syn/current/auxx/gui/common/schematic/pkgIndex.tcl
/opt/eda/synopsys/syn/current/auxx/gui/common/dialogs/pkgIndex.tcl
/opt/eda/synopsys/syn/current/auxx/gui/common/libviewer/pkgIndex.tcl
/opt/eda/synopsys/syn/current/auxx/gui/common/select/pkgIndex.tcl
/opt/eda/synopsys/syn/current/auxx/gui/common/qtcl/pkgIndex.tcl
/opt/eda/synopsys/syn/current/auxx/gui/common/acg/pkgIndex.tcl
/opt/eda/synopsys/syn/current/auxx/gui/common/timing/pkgIndex.tcl
/opt/eda/synopsys/syn/current/auxx/gui/common/mrupalette/pkgIndex.tcl
/opt/eda/synopsys/syn/current/auxx/gui/common/commandform/pkgIndex.tcl
/opt/eda/synopsys/syn/current/auxx/gui/common/WindowFrameWork/pkgIndex.tcl
