/opt-shared-v2/eda/cadence/XCELIUM1809/tools.lnx86/inca/bin/xmsim
Obtained 28 stack frames.
/opt-shared-v2/eda/cadence/XCELIUM1809/tools.lnx86/inca/bin/../../lib/libcbreakpad.so(_Z13use_backtracev+0xa1) [0xf7a4109d]
/opt-shared-v2/eda/cadence/XCELIUM1809/tools.lnx86/inca/bin/../../lib/libcbreakpad.so(cbpad_generate_dump_on_demand+0x84) [0xf7a413d5]
xmsim() [0x8ee5ca2]
xmsim(serror+0x1a) [0x8ee683a]
xmsim() [0x8ecd6be]
linux-gate.so.1(__kernel_sigreturn+0) [0xf7f43950]
xmsim() [0x80e40a7]
xmsim() [0x8eccb02]
xmsim() [0x8ecd62f]
linux-gate.so.1(__kernel_sigreturn+0) [0xf7f43950]
linux-gate.so.1(__kernel_vsyscall+0x9) [0xf7f43939]
/lib/i386-linux-gnu/libc.so.6(kill+0x16) [0xf7aabcf6]
xmsim() [0x8ba56fe]
xmsim() [0x8494759]
xmsim() [0x849481d]
linux-gate.so.1(__kernel_sigreturn+0) [0xf7f43950]
linux-gate.so.1(__kernel_vsyscall+0x9) [0xf7f43939]
/lib/i386-linux-gnu/libc.so.6(nanosleep+0x23) [0xf7b3d273]
/lib/i386-linux-gnu/libc.so.6(sleep+0x75) [0xf7b3d175]
/opt/eda/cadence/XCELIUM1809/tools/lib/libdcapi.so(+0x19f7d) [0xf7011f7d]
/opt/eda/cadence/XCELIUM1809/tools/lib/libdcapi.so(dcOfferService+0x35b) [0xf7010b8b]
/opt/eda/cadence/XCELIUM1809/tools/lib/libStrapNC.so(Strap_Init+0x299) [0xf6e6ca49]
xmsim() [0x84b501e]
xmsim() [0x80dca6b]
xmsim(ncmain+0x96) [0x80d5ef1]
xmsim(main+0x24) [0x95d6c1c]
/lib/i386-linux-gnu/libc.so.6(__libc_start_main+0xf1) [0xf7a96fa1]
xmsim() [0x8078635]
